<!DOCTYPE html PUBLIC "-//W3C//DTD XHTML 1.1//EN" "https://www.w3.org/TR/xhtml11/DTD/xhtml11.dtd">
<html xmlns="https://www.w3.org/1999/xhtml">
<head>
<meta http-equiv="content-type" content="text/html; charset=UTF-8"/>
<title>TestNG Report</title>
<style type="text/css">table {margin-bottom:10px;border-collapse:collapse;empty-cells:show}th,td {border:1px solid #009;padding:.25em .5em}th {vertical-align:bottom}td {vertical-align:top}table a {font-weight:bold}.stripe td {background-color: #E6EBF9}.num {text-align:right}.passedodd td {background-color: #3F3}.passedeven td {background-color: #0A0}.skippedodd td {background-color: #DDD}.skippedeven td {background-color: #CCC}.failedodd td,.attn {background-color: #F33}.failedeven td,.stripe .attn {background-color: #D00}.stacktrace {white-space:pre;font-family:monospace}.totop {font-size:85%;text-align:center;border-bottom:2px solid #000}.invisible {display:none}</style>
</head>
<body>
<table>
<tr><th>Test</th><th># Passed</th><th># Skipped</th><th># Retried</th><th># Failed</th><th>Time (ms)</th><th>Included Groups</th><th>Excluded Groups</th></tr>
<tr><th colspan="8">Automation Suite</th></tr>
<tr><td><a href="#t0">Regression Test</a></td><td class="num">43</td><td class="num attn">1</td><td class="num">0</td><td class="num attn">9</td><td class="num">53,667</td><td></td><td></td></tr>
</table>
<table id='summary'><thead><tr><th>Class</th><th>Method</th><th>Start</th><th>Time (ms)</th></tr></thead><tbody><tr><th colspan="4">Automation Suite</th></tr></tbody><tbody id="t0"><tr><th colspan="4">Regression Test &#8212; failed (configuration methods)</th></tr><tr class="failedeven"><td rowspan="1">com.hyrs.Tests.OrangeHrm</td><td><a href="#m0">TearDown</a></td><td rowspan="1">1667679980139</td><td rowspan="1">-1667679980139</td></tr><tr><th colspan="4">Regression Test &#8212; failed</th></tr><tr class="failedeven"><td rowspan="1">com.dataProvider.BasicTestExcel</td><td><a href="#m1">TestLogin</a></td><td rowspan="1">1667679965512</td><td rowspan="1">3950</td></tr><tr class="failedodd"><td rowspan="2">com.hyr.dependencyTests.TestDependency</td><td><a href="#m2">CreateShipment</a></td><td rowspan="1">1667679928662</td><td rowspan="1">1</td></tr><tr class="failedodd"><td><a href="#m3">TrackShipment</a></td><td rowspan="1">1667679928665</td><td rowspan="1">1</td></tr><tr class="failedeven"><td rowspan="1">com.hyrs.Tests.FirstTest</td><td><a href="#m4">TestFacebook</a></td><td rowspan="1">1667679928675</td><td rowspan="1">6913</td></tr><tr class="failedodd"><td rowspan="5">com.hyrs.Tests.OrangeHrm</td><td><a href="#m5">EnterLoginDetails</a></td><td rowspan="1">1667679940322</td><td rowspan="1">0</td></tr><tr class="failedodd"><td><a href="#m6">LaunchApp</a></td><td rowspan="1">1667679940324</td><td rowspan="1">0</td></tr><tr class="failedodd"><td><a href="#m7">NavigateToMyInfo</a></td><td rowspan="1">1667679940325</td><td rowspan="1">16</td></tr><tr class="failedodd"><td><a href="#m8">VerifyLogin</a></td><td rowspan="1">1667679940343</td><td rowspan="1">9</td></tr><tr class="failedodd"><td><a href="#m9">VerifyMyInfo</a></td><td rowspan="1">1667679940353</td><td rowspan="1">9</td></tr><tr><th colspan="4">Regression Test &#8212; skipped (configuration methods)</th></tr><tr class="skippedeven"><td rowspan="1">com.hyrs.Tests.AnnotationsTest</td><td><a href="#m10">afterSuite</a></td><td rowspan="1">1667679980180</td><td rowspan="1">-1667679980180</td></tr><tr><th colspan="4">Regression Test &#8212; skipped</th></tr><tr class="skippedeven"><td rowspan="1">com.hyr.dependencyTests.TestDependency</td><td><a href="#m11">CancelShipment</a></td><td rowspan="1">1667679928668</td><td rowspan="1">0</td></tr><tr><th colspan="4">Regression Test &#8212; passed</th></tr><tr class="passedeven"><td rowspan="3">com.dataProvider.BasicTest</td><td><a href="#m12">TestLogin</a></td><td rowspan="3">1667679969478</td><td rowspan="3">8809</td></tr><tr class="passedeven"><td><a href="#m13">TestLogin</a></td></tr><tr class="passedeven"><td><a href="#m14">TestLogin</a></td></tr><tr class="passedodd"><td rowspan="2">com.dataProvider.BasicTest3</td><td><a href="#m15">TestLogin</a></td><td rowspan="2">1667679928656</td><td rowspan="2">0</td></tr><tr class="passedodd"><td><a href="#m16">TestLogin</a></td></tr><tr class="passedeven"><td rowspan="4">com.dataProvider.BasicTest4</td><td><a href="#m17">TestLogin</a></td><td rowspan="4">1667679928660</td><td rowspan="4">1</td></tr><tr class="passedeven"><td><a href="#m18">TestLogin</a></td></tr><tr class="passedeven"><td><a href="#m19">TestLogin</a></td></tr><tr class="passedeven"><td><a href="#m20">TestLogin</a></td></tr><tr class="passedodd"><td rowspan="3">com.dataProvider.BasicTestExcel</td><td><a href="#m21">TestLogin</a></td><td rowspan="3">1667679957431</td><td rowspan="3">8081</td></tr><tr class="passedodd"><td><a href="#m22">TestLogin</a></td></tr><tr class="passedodd"><td><a href="#m23">TestLogin</a></td></tr><tr class="passedeven"><td rowspan="4">com.hyr.demoTests.NewTest2</td><td><a href="#m24">test4</a></td><td rowspan="1">1667679928640</td><td rowspan="1">3</td></tr><tr class="passedeven"><td><a href="#m25">test5</a></td><td rowspan="1">1667679928646</td><td rowspan="1">0</td></tr><tr class="passedeven"><td><a href="#m26">test6</a></td><td rowspan="1">1667679928647</td><td rowspan="1">0</td></tr><tr class="passedeven"><td><a href="#m27">test7</a></td><td rowspan="1">1667679928648</td><td rowspan="1">1</td></tr><tr class="passedodd"><td rowspan="7">com.hyr.dependencyTests.TestGroupdependency</td><td><a href="#m28">test1</a></td><td rowspan="1">1667679969464</td><td rowspan="1">0</td></tr><tr class="passedodd"><td><a href="#m29">test2</a></td><td rowspan="1">1667679969464</td><td rowspan="1">0</td></tr><tr class="passedodd"><td><a href="#m30">test3</a></td><td rowspan="1">1667679969465</td><td rowspan="1">1</td></tr><tr class="passedodd"><td><a href="#m31">test4</a></td><td rowspan="1">1667679969467</td><td rowspan="1">0</td></tr><tr class="passedodd"><td><a href="#m32">test5</a></td><td rowspan="1">1667679969468</td><td rowspan="1">1</td></tr><tr class="passedodd"><td><a href="#m33">test6</a></td><td rowspan="1">1667679969469</td><td rowspan="1">1</td></tr><tr class="passedodd"><td><a href="#m34">test7</a></td><td rowspan="1">1667679969470</td><td rowspan="1">1</td></tr><tr class="passedeven"><td rowspan="3">com.hyr.groupTests.NewTest</td><td><a href="#m35">test1</a></td><td rowspan="1">1667679940363</td><td rowspan="1">1</td></tr><tr class="passedeven"><td><a href="#m36">test2</a></td><td rowspan="1">1667679940364</td><td rowspan="1">0</td></tr><tr class="passedeven"><td><a href="#m37">test3</a></td><td rowspan="1">1667679940365</td><td rowspan="1">0</td></tr><tr class="passedodd"><td rowspan="3">com.hyr.groupTests.NewTest2</td><td><a href="#m38">test4</a></td><td rowspan="1">1667679928671</td><td rowspan="1">0</td></tr><tr class="passedodd"><td><a href="#m39">test5</a></td><td rowspan="1">1667679928672</td><td rowspan="1">1</td></tr><tr class="passedodd"><td><a href="#m40">test6</a></td><td rowspan="1">1667679928673</td><td rowspan="1">1</td></tr><tr class="passedeven"><td rowspan="4">com.hyr.parallelTest.TestClass1</td><td><a href="#m41">testmethod1</a></td><td rowspan="1">1667679940368</td><td rowspan="1">1</td></tr><tr class="passedeven"><td><a href="#m42">testmethod2</a></td><td rowspan="1">1667679940369</td><td rowspan="1">0</td></tr><tr class="passedeven"><td><a href="#m43">testmethod3</a></td><td rowspan="1">1667679940370</td><td rowspan="1">0</td></tr><tr class="passedeven"><td><a href="#m44">testmethod4</a></td><td rowspan="1">1667679940370</td><td rowspan="1">1</td></tr><tr class="passedodd"><td rowspan="3">com.hyr.parallelTest.TestClass2</td><td><a href="#m45">testmethod5</a></td><td rowspan="1">1667679940366</td><td rowspan="1">0</td></tr><tr class="passedodd"><td><a href="#m46">testmethod6</a></td><td rowspan="1">1667679940367</td><td rowspan="1">0</td></tr><tr class="passedodd"><td><a href="#m47">testmethod7</a></td><td rowspan="1">1667679940368</td><td rowspan="1">0</td></tr><tr class="passedeven"><td rowspan="4">com.hyr.parallelTest.TestClass3</td><td><a href="#m48">testmethod10</a></td><td rowspan="1">1667679940371</td><td rowspan="1">1</td></tr><tr class="passedeven"><td><a href="#m49">testmethod11</a></td><td rowspan="1">1667679940372</td><td rowspan="1">0</td></tr><tr class="passedeven"><td><a href="#m50">testmethod8</a></td><td rowspan="1">1667679940373</td><td rowspan="1">0</td></tr><tr class="passedeven"><td><a href="#m51">testmethod9</a></td><td rowspan="1">1667679940374</td><td rowspan="1">0</td></tr><tr class="passedodd"><td rowspan="2">com.hyrs.Tests.AnnotationsTest</td><td><a href="#m52">testmethod1</a></td><td rowspan="1">1667679940375</td><td rowspan="1">1</td></tr><tr class="passedodd"><td><a href="#m53">testmethod2</a></td><td rowspan="1">1667679940377</td><td rowspan="1">0</td></tr><tr class="passedeven"><td rowspan="1">com.hyrs.Tests.FirstTest</td><td><a href="#m54">TestGoogle</a></td><td rowspan="1">1667679935588</td><td rowspan="1">4733</td></tr></tbody>
</table>
<h2>Regression Test</h2><h3 id="m0">com.hyrs.Tests.OrangeHrm#TearDown</h3><table class="result"><tr><th>Exception</th></tr><tr><td><div class="stacktrace">org.testng.TestNGException: 
Parameter &apos;sleepTime&apos; is required by AfterTest on method TearDown but has not been marked @Optional or defined
in C:\Users\Lenovo\eclipse-workspace\PracticeTestNg\AllTestNg.xml
... Removed 21 stack frames</div></td></tr></table><p class="totop"><a href="#summary">back to summary</a></p>
<h3 id="m1">com.dataProvider.BasicTestExcel#TestLogin</h3><table class="result"><tr class="param"><th>Parameter #1</th><th>Parameter #2</th></tr><tr class="param stripe"><td>null</td><td>null</td></tr><tr><th colspan="2">Exception</th></tr><tr><td colspan="2"><div class="stacktrace">java.lang.IllegalArgumentException: Keys to send should be a not null CharSequence
	at org.openqa.selenium.remote.RemoteWebElement.sendKeys(RemoteWebElement.java:92)
	at com.dataProvider.BasicTestExcel.TestLogin(BasicTestExcel.java:26)
	at java.base/java.util.ArrayList.forEach(ArrayList.java:1541)
... Removed 27 stack frames</div></td></tr></table><p class="totop"><a href="#summary">back to summary</a></p>
<h3 id="m2">com.hyr.dependencyTests.TestDependency#CreateShipment</h3><table class="result"><tr><th>Exception</th></tr><tr><td><div class="stacktrace">java.lang.ArithmeticException: / by zero
	at com.hyr.dependencyTests.TestDependency.CreateShipment(TestDependency.java:12)
	at java.base/java.util.ArrayList.forEach(ArrayList.java:1541)
... Removed 27 stack frames</div></td></tr></table><p class="totop"><a href="#summary">back to summary</a></p>
<h3 id="m3">com.hyr.dependencyTests.TestDependency#TrackShipment</h3><table class="result"><tr><th>Exception</th></tr><tr><td><div class="stacktrace">java.lang.Exception: invalid Tracking no
	at com.hyr.dependencyTests.TestDependency.TrackShipment(TestDependency.java:26)
	at java.base/java.util.ArrayList.forEach(ArrayList.java:1541)
... Removed 27 stack frames</div></td></tr></table><p class="totop"><a href="#summary">back to summary</a></p>
<h3 id="m4">com.hyrs.Tests.FirstTest#TestFacebook</h3><table class="result"><tr><th>Exception</th></tr><tr><td><div class="stacktrace">java.lang.AssertionError: The following asserts failed:
	Title is mismatched expected [Facebook â€“ log in or sign up] but found [Log in to Facebook]
	at com.hyrs.Tests.FirstTest.TestFacebook(FirstTest.java:64)
	at java.base/java.util.ArrayList.forEach(ArrayList.java:1541)
... Removed 29 stack frames</div></td></tr></table><p class="totop"><a href="#summary">back to summary</a></p>
<h3 id="m5">com.hyrs.Tests.OrangeHrm#EnterLoginDetails</h3><table class="result"><tr><th>Exception</th></tr><tr><td><div class="stacktrace">org.testng.TestNGException: 
Parameter &apos;username&apos; is required by @Test on method EnterLoginDetails but has not been marked @Optional or defined
in C:\Users\Lenovo\eclipse-workspace\PracticeTestNg\AllTestNg.xml
	at java.base/java.util.ArrayList.forEach(ArrayList.java:1541)
... Removed 26 stack frames</div></td></tr></table><p class="totop"><a href="#summary">back to summary</a></p>
<h3 id="m6">com.hyrs.Tests.OrangeHrm#LaunchApp</h3><table class="result"><tr><th>Exception</th></tr><tr><td><div class="stacktrace">org.testng.TestNGException: 
Parameter &apos;url&apos; is required by @Test on method LaunchApp but has not been marked @Optional or defined
in C:\Users\Lenovo\eclipse-workspace\PracticeTestNg\AllTestNg.xml
	at java.base/java.util.ArrayList.forEach(ArrayList.java:1541)
... Removed 26 stack frames</div></td></tr></table><p class="totop"><a href="#summary">back to summary</a></p>
<h3 id="m7">com.hyrs.Tests.OrangeHrm#NavigateToMyInfo</h3><table class="result"><tr><th>Exception</th></tr><tr><td><div class="stacktrace">org.openqa.selenium.NoSuchElementException: no such element: Unable to locate element: {&quot;method&quot;:&quot;css selector&quot;,&quot;selector&quot;:&quot;#menu_pim_viewMyDetails&quot;}
  (Session info: chrome=107.0.5304.88)
For documentation on this error, please visit: https://selenium.dev/exceptions/#no_such_element
Build info: version: &apos;4.0.0-beta-1&apos;, revision: &apos;9c03156c2b&apos;
System info: host: &apos;LAPTOP-JPAOG5NK&apos;, ip: &apos;192.168.1.3&apos;, os.name: &apos;Windows 11&apos;, os.arch: &apos;amd64&apos;, os.version: &apos;10.0&apos;, java.version: &apos;11.0.17&apos;
Driver info: org.openqa.selenium.chrome.ChromeDriver
Command: [32a261a3d6975e05550f7aaaed9d70fd, findElement {using=id, value=menu_pim_viewMyDetails}]
Capabilities {acceptInsecureCerts: false, browserName: chrome, browserVersion: 107.0.5304.88, chrome: {chromedriverVersion: 107.0.5304.62 (1eec40d3a576..., userDataDir: C:\Users\Lenovo\AppData\Loc...}, goog:chromeOptions: {debuggerAddress: localhost:58048}, javascriptEnabled: true, networkConnectionEnabled: false, pageLoadStrategy: normal, platform: WINDOWS, platformName: WINDOWS, proxy: Proxy(), setWindowRect: true, strictFileInteractability: false, timeouts: {implicit: 0, pageLoad: 300000, script: 30000}, unhandledPromptBehavior: dismiss and notify, webauthn:extension:credBlob: true, webauthn:extension:largeBlob: true, webauthn:virtualAuthenticators: true}
Session ID: 32a261a3d6975e05550f7aaaed9d70fd
	at org.openqa.selenium.remote.codec.w3c.W3CHttpResponseCodec.createException(W3CHttpResponseCodec.java:195)
	at org.openqa.selenium.remote.codec.w3c.W3CHttpResponseCodec.decode(W3CHttpResponseCodec.java:128)
	at org.openqa.selenium.remote.codec.w3c.W3CHttpResponseCodec.decode(W3CHttpResponseCodec.java:52)
	at org.openqa.selenium.remote.HttpCommandExecutor.execute(HttpCommandExecutor.java:181)
	at org.openqa.selenium.remote.service.DriverCommandExecutor.invokeExecute(DriverCommandExecutor.java:153)
	at org.openqa.selenium.remote.service.DriverCommandExecutor.execute(DriverCommandExecutor.java:128)
	at org.openqa.selenium.remote.RemoteWebDriver.execute(RemoteWebDriver.java:620)
	at org.openqa.selenium.remote.RemoteWebDriver$Mechanism$2.findElement(RemoteWebDriver.java:1255)
	at org.openqa.selenium.remote.RemoteWebDriver.findElement(RemoteWebDriver.java:395)
	at org.openqa.selenium.remote.RemoteWebDriver.findElement(RemoteWebDriver.java:382)
	at com.hyrs.Tests.OrangeHrm.NavigateToMyInfo(OrangeHrm.java:80)
	at java.base/java.util.ArrayList.forEach(ArrayList.java:1541)
... Removed 31 stack frames</div></td></tr></table><p class="totop"><a href="#summary">back to summary</a></p>
<h3 id="m8">com.hyrs.Tests.OrangeHrm#VerifyLogin</h3><table class="result"><tr><th>Exception</th></tr><tr><td><div class="stacktrace">org.openqa.selenium.NoSuchElementException: no such element: Unable to locate element: {&quot;method&quot;:&quot;css selector&quot;,&quot;selector&quot;:&quot;#welcome&quot;}
  (Session info: chrome=107.0.5304.88)
For documentation on this error, please visit: https://selenium.dev/exceptions/#no_such_element
Build info: version: &apos;4.0.0-beta-1&apos;, revision: &apos;9c03156c2b&apos;
System info: host: &apos;LAPTOP-JPAOG5NK&apos;, ip: &apos;192.168.1.3&apos;, os.name: &apos;Windows 11&apos;, os.arch: &apos;amd64&apos;, os.version: &apos;10.0&apos;, java.version: &apos;11.0.17&apos;
Driver info: org.openqa.selenium.chrome.ChromeDriver
Command: [32a261a3d6975e05550f7aaaed9d70fd, findElement {using=id, value=welcome}]
Capabilities {acceptInsecureCerts: false, browserName: chrome, browserVersion: 107.0.5304.88, chrome: {chromedriverVersion: 107.0.5304.62 (1eec40d3a576..., userDataDir: C:\Users\Lenovo\AppData\Loc...}, goog:chromeOptions: {debuggerAddress: localhost:58048}, javascriptEnabled: true, networkConnectionEnabled: false, pageLoadStrategy: normal, platform: WINDOWS, platformName: WINDOWS, proxy: Proxy(), setWindowRect: true, strictFileInteractability: false, timeouts: {implicit: 0, pageLoad: 300000, script: 30000}, unhandledPromptBehavior: dismiss and notify, webauthn:extension:credBlob: true, webauthn:extension:largeBlob: true, webauthn:virtualAuthenticators: true}
Session ID: 32a261a3d6975e05550f7aaaed9d70fd
	at org.openqa.selenium.remote.codec.w3c.W3CHttpResponseCodec.createException(W3CHttpResponseCodec.java:195)
	at org.openqa.selenium.remote.codec.w3c.W3CHttpResponseCodec.decode(W3CHttpResponseCodec.java:128)
	at org.openqa.selenium.remote.codec.w3c.W3CHttpResponseCodec.decode(W3CHttpResponseCodec.java:52)
	at org.openqa.selenium.remote.HttpCommandExecutor.execute(HttpCommandExecutor.java:181)
	at org.openqa.selenium.remote.service.DriverCommandExecutor.invokeExecute(DriverCommandExecutor.java:153)
	at org.openqa.selenium.remote.service.DriverCommandExecutor.execute(DriverCommandExecutor.java:128)
	at org.openqa.selenium.remote.RemoteWebDriver.execute(RemoteWebDriver.java:620)
	at org.openqa.selenium.remote.RemoteWebDriver$Mechanism$2.findElement(RemoteWebDriver.java:1255)
	at org.openqa.selenium.remote.RemoteWebDriver.findElement(RemoteWebDriver.java:388)
	at org.openqa.selenium.remote.RemoteWebDriver.findElement(RemoteWebDriver.java:382)
	at com.hyrs.Tests.OrangeHrm.VerifyLogin(OrangeHrm.java:95)
	at java.base/java.util.ArrayList.forEach(ArrayList.java:1541)
... Removed 31 stack frames</div></td></tr></table><p class="totop"><a href="#summary">back to summary</a></p>
<h3 id="m9">com.hyrs.Tests.OrangeHrm#VerifyMyInfo</h3><table class="result"><tr><th>Exception</th></tr><tr><td><div class="stacktrace">org.openqa.selenium.NoSuchElementException: no such element: Unable to locate element: {&quot;method&quot;:&quot;css selector&quot;,&quot;selector&quot;:&quot;#employee\-details&quot;}
  (Session info: chrome=107.0.5304.88)
For documentation on this error, please visit: https://selenium.dev/exceptions/#no_such_element
Build info: version: &apos;4.0.0-beta-1&apos;, revision: &apos;9c03156c2b&apos;
System info: host: &apos;LAPTOP-JPAOG5NK&apos;, ip: &apos;192.168.1.3&apos;, os.name: &apos;Windows 11&apos;, os.arch: &apos;amd64&apos;, os.version: &apos;10.0&apos;, java.version: &apos;11.0.17&apos;
Driver info: org.openqa.selenium.chrome.ChromeDriver
Command: [32a261a3d6975e05550f7aaaed9d70fd, findElement {using=id, value=employee-details}]
Capabilities {acceptInsecureCerts: false, browserName: chrome, browserVersion: 107.0.5304.88, chrome: {chromedriverVersion: 107.0.5304.62 (1eec40d3a576..., userDataDir: C:\Users\Lenovo\AppData\Loc...}, goog:chromeOptions: {debuggerAddress: localhost:58048}, javascriptEnabled: true, networkConnectionEnabled: false, pageLoadStrategy: normal, platform: WINDOWS, platformName: WINDOWS, proxy: Proxy(), setWindowRect: true, strictFileInteractability: false, timeouts: {implicit: 0, pageLoad: 300000, script: 30000}, unhandledPromptBehavior: dismiss and notify, webauthn:extension:credBlob: true, webauthn:extension:largeBlob: true, webauthn:virtualAuthenticators: true}
Session ID: 32a261a3d6975e05550f7aaaed9d70fd
	at org.openqa.selenium.remote.codec.w3c.W3CHttpResponseCodec.createException(W3CHttpResponseCodec.java:195)
	at org.openqa.selenium.remote.codec.w3c.W3CHttpResponseCodec.decode(W3CHttpResponseCodec.java:128)
	at org.openqa.selenium.remote.codec.w3c.W3CHttpResponseCodec.decode(W3CHttpResponseCodec.java:52)
	at org.openqa.selenium.remote.HttpCommandExecutor.execute(HttpCommandExecutor.java:181)
	at org.openqa.selenium.remote.service.DriverCommandExecutor.invokeExecute(DriverCommandExecutor.java:153)
	at org.openqa.selenium.remote.service.DriverCommandExecutor.execute(DriverCommandExecutor.java:128)
	at org.openqa.selenium.remote.RemoteWebDriver.execute(RemoteWebDriver.java:620)
	at org.openqa.selenium.remote.RemoteWebDriver$Mechanism$2.findElement(RemoteWebDriver.java:1255)
	at org.openqa.selenium.remote.RemoteWebDriver.findElement(RemoteWebDriver.java:388)
	at org.openqa.selenium.remote.RemoteWebDriver.findElement(RemoteWebDriver.java:382)
	at com.hyrs.Tests.OrangeHrm.VerifyMyInfo(OrangeHrm.java:87)
	at java.base/java.util.ArrayList.forEach(ArrayList.java:1541)
... Removed 31 stack frames</div></td></tr></table><p class="totop"><a href="#summary">back to summary</a></p>
<h3 id="m10">com.hyrs.Tests.AnnotationsTest#afterSuite</h3><table class="result"><tr><th class="invisible"/></tr></table><p class="totop"><a href="#summary">back to summary</a></p>
<h3 id="m11">com.hyr.dependencyTests.TestDependency#CancelShipment</h3><table class="result"><tr><th>Exception</th></tr><tr><td><div class="stacktrace">java.lang.Throwable: Method TestDependency.CancelShipment()[pri:0, instance:com.hyr.dependencyTests.TestDependency@5a45133e] depends on not successfully finished methods
	at java.base/java.util.ArrayList.forEach(ArrayList.java:1541)
... Removed 18 stack frames</div></td></tr></table><p class="totop"><a href="#summary">back to summary</a></p>
<h3 id="m12">com.dataProvider.BasicTest#TestLogin</h3><table class="result"><tr class="param"><th>Parameter #1</th><th>Parameter #2</th></tr><tr class="param stripe"><td>Ankit</td><td>admin123</td></tr></table><p class="totop"><a href="#summary">back to summary</a></p>
<h3 id="m13">com.dataProvider.BasicTest#TestLogin</h3><table class="result"><tr class="param"><th>Parameter #1</th><th>Parameter #2</th></tr><tr class="param stripe"><td>Admin</td><td>admin123</td></tr></table><p class="totop"><a href="#summary">back to summary</a></p>
<h3 id="m14">com.dataProvider.BasicTest#TestLogin</h3><table class="result"><tr class="param"><th>Parameter #1</th><th>Parameter #2</th></tr><tr class="param stripe"><td>pallav</td><td>admin123</td></tr></table><p class="totop"><a href="#summary">back to summary</a></p>
<h3 id="m15">com.dataProvider.BasicTest3#TestLogin</h3><table class="result"><tr class="param"><th>Parameter #1</th></tr><tr class="param stripe"><td>Sumit</td></tr></table><p class="totop"><a href="#summary">back to summary</a></p>
<h3 id="m16">com.dataProvider.BasicTest3#TestLogin</h3><table class="result"><tr class="param"><th>Parameter #1</th></tr><tr class="param stripe"><td>Pallav</td></tr></table><p class="totop"><a href="#summary">back to summary</a></p>
<h3 id="m17">com.dataProvider.BasicTest4#TestLogin</h3><table class="result"><tr class="param"><th>Parameter #1</th></tr><tr class="param stripe"><td>Sumit</td></tr></table><p class="totop"><a href="#summary">back to summary</a></p>
<h3 id="m18">com.dataProvider.BasicTest4#TestLogin</h3><table class="result"><tr class="param"><th>Parameter #1</th></tr><tr class="param stripe"><td>Amit</td></tr></table><p class="totop"><a href="#summary">back to summary</a></p>
<h3 id="m19">com.dataProvider.BasicTest4#TestLogin</h3><table class="result"><tr class="param"><th>Parameter #1</th></tr><tr class="param stripe"><td>Reema</td></tr></table><p class="totop"><a href="#summary">back to summary</a></p>
<h3 id="m20">com.dataProvider.BasicTest4#TestLogin</h3><table class="result"><tr class="param"><th>Parameter #1</th></tr><tr class="param stripe"><td>Pallav</td></tr></table><p class="totop"><a href="#summary">back to summary</a></p>
<h3 id="m21">com.dataProvider.BasicTestExcel#TestLogin</h3><table class="result"><tr class="param"><th>Parameter #1</th><th>Parameter #2</th></tr><tr class="param stripe"><td>prod</td><td>prod123</td></tr></table><p class="totop"><a href="#summary">back to summary</a></p>
<h3 id="m22">com.dataProvider.BasicTestExcel#TestLogin</h3><table class="result"><tr class="param"><th>Parameter #1</th><th>Parameter #2</th></tr><tr class="param stripe"><td>Admin</td><td>admin123</td></tr></table><p class="totop"><a href="#summary">back to summary</a></p>
<h3 id="m23">com.dataProvider.BasicTestExcel#TestLogin</h3><table class="result"><tr class="param"><th>Parameter #1</th><th>Parameter #2</th></tr><tr class="param stripe"><td>Test</td><td>test123</td></tr></table><p class="totop"><a href="#summary">back to summary</a></p>
<h3 id="m24">com.hyr.demoTests.NewTest2#test4</h3><table class="result"><tr><th class="invisible"/></tr></table><p class="totop"><a href="#summary">back to summary</a></p>
<h3 id="m25">com.hyr.demoTests.NewTest2#test5</h3><table class="result"><tr><th class="invisible"/></tr></table><p class="totop"><a href="#summary">back to summary</a></p>
<h3 id="m26">com.hyr.demoTests.NewTest2#test6</h3><table class="result"><tr><th class="invisible"/></tr></table><p class="totop"><a href="#summary">back to summary</a></p>
<h3 id="m27">com.hyr.demoTests.NewTest2#test7</h3><table class="result"><tr><th class="invisible"/></tr></table><p class="totop"><a href="#summary">back to summary</a></p>
<h3 id="m28">com.hyr.dependencyTests.TestGroupdependency#test1</h3><table class="result"><tr><th class="invisible"/></tr></table><p class="totop"><a href="#summary">back to summary</a></p>
<h3 id="m29">com.hyr.dependencyTests.TestGroupdependency#test2</h3><table class="result"><tr><th class="invisible"/></tr></table><p class="totop"><a href="#summary">back to summary</a></p>
<h3 id="m30">com.hyr.dependencyTests.TestGroupdependency#test3</h3><table class="result"><tr><th class="invisible"/></tr></table><p class="totop"><a href="#summary">back to summary</a></p>
<h3 id="m31">com.hyr.dependencyTests.TestGroupdependency#test4</h3><table class="result"><tr><th class="invisible"/></tr></table><p class="totop"><a href="#summary">back to summary</a></p>
<h3 id="m32">com.hyr.dependencyTests.TestGroupdependency#test5</h3><table class="result"><tr><th class="invisible"/></tr></table><p class="totop"><a href="#summary">back to summary</a></p>
<h3 id="m33">com.hyr.dependencyTests.TestGroupdependency#test6</h3><table class="result"><tr><th class="invisible"/></tr></table><p class="totop"><a href="#summary">back to summary</a></p>
<h3 id="m34">com.hyr.dependencyTests.TestGroupdependency#test7</h3><table class="result"><tr><th class="invisible"/></tr></table><p class="totop"><a href="#summary">back to summary</a></p>
<h3 id="m35">com.hyr.groupTests.NewTest#test1</h3><table class="result"><tr><th class="invisible"/></tr></table><p class="totop"><a href="#summary">back to summary</a></p>
<h3 id="m36">com.hyr.groupTests.NewTest#test2</h3><table class="result"><tr><th class="invisible"/></tr></table><p class="totop"><a href="#summary">back to summary</a></p>
<h3 id="m37">com.hyr.groupTests.NewTest#test3</h3><table class="result"><tr><th class="invisible"/></tr></table><p class="totop"><a href="#summary">back to summary</a></p>
<h3 id="m38">com.hyr.groupTests.NewTest2#test4</h3><table class="result"><tr><th class="invisible"/></tr></table><p class="totop"><a href="#summary">back to summary</a></p>
<h3 id="m39">com.hyr.groupTests.NewTest2#test5</h3><table class="result"><tr><th class="invisible"/></tr></table><p class="totop"><a href="#summary">back to summary</a></p>
<h3 id="m40">com.hyr.groupTests.NewTest2#test6</h3><table class="result"><tr><th class="invisible"/></tr></table><p class="totop"><a href="#summary">back to summary</a></p>
<h3 id="m41">com.hyr.parallelTest.TestClass1#testmethod1</h3><table class="result"><tr><th class="invisible"/></tr></table><p class="totop"><a href="#summary">back to summary</a></p>
<h3 id="m42">com.hyr.parallelTest.TestClass1#testmethod2</h3><table class="result"><tr><th class="invisible"/></tr></table><p class="totop"><a href="#summary">back to summary</a></p>
<h3 id="m43">com.hyr.parallelTest.TestClass1#testmethod3</h3><table class="result"><tr><th class="invisible"/></tr></table><p class="totop"><a href="#summary">back to summary</a></p>
<h3 id="m44">com.hyr.parallelTest.TestClass1#testmethod4</h3><table class="result"><tr><th class="invisible"/></tr></table><p class="totop"><a href="#summary">back to summary</a></p>
<h3 id="m45">com.hyr.parallelTest.TestClass2#testmethod5</h3><table class="result"><tr><th class="invisible"/></tr></table><p class="totop"><a href="#summary">back to summary</a></p>
<h3 id="m46">com.hyr.parallelTest.TestClass2#testmethod6</h3><table class="result"><tr><th class="invisible"/></tr></table><p class="totop"><a href="#summary">back to summary</a></p>
<h3 id="m47">com.hyr.parallelTest.TestClass2#testmethod7</h3><table class="result"><tr><th class="invisible"/></tr></table><p class="totop"><a href="#summary">back to summary</a></p>
<h3 id="m48">com.hyr.parallelTest.TestClass3#testmethod10</h3><table class="result"><tr><th class="invisible"/></tr></table><p class="totop"><a href="#summary">back to summary</a></p>
<h3 id="m49">com.hyr.parallelTest.TestClass3#testmethod11</h3><table class="result"><tr><th class="invisible"/></tr></table><p class="totop"><a href="#summary">back to summary</a></p>
<h3 id="m50">com.hyr.parallelTest.TestClass3#testmethod8</h3><table class="result"><tr><th class="invisible"/></tr></table><p class="totop"><a href="#summary">back to summary</a></p>
<h3 id="m51">com.hyr.parallelTest.TestClass3#testmethod9</h3><table class="result"><tr><th class="invisible"/></tr></table><p class="totop"><a href="#summary">back to summary</a></p>
<h3 id="m52">com.hyrs.Tests.AnnotationsTest#testmethod1</h3><table class="result"><tr><th class="invisible"/></tr></table><p class="totop"><a href="#summary">back to summary</a></p>
<h3 id="m53">com.hyrs.Tests.AnnotationsTest#testmethod2</h3><table class="result"><tr><th class="invisible"/></tr></table><p class="totop"><a href="#summary">back to summary</a></p>
<h3 id="m54">com.hyrs.Tests.FirstTest#TestGoogle</h3><table class="result"><tr><th class="invisible"/></tr></table><p class="totop"><a href="#summary">back to summary</a></p>
</body>
</html>
