<?xml version="1.0" encoding="UTF-8"?>
<!-- Generated by org.testng.reporters.JUnitXMLReporter -->
<testsuite ignored="0" hostname="LAPTOP-JPAOG5NK" failures="0" tests="3" name="Test2" time="0.059" errors="0" timestamp="2022-08-25T19:03:46 IST">
  <testcase classname="com.hyr.parallelTest.TestClass2" name="testmethod5" time="0.014"/>
  <testcase classname="com.hyr.parallelTest.TestClass2" name="testmethod6" time="0.001"/>
  <testcase classname="com.hyr.parallelTest.TestClass2" name="testmethod7" time="0.001"/>
</testsuite> <!-- Test2 -->
