<?xml version="1.0" encoding="UTF-8"?>
<!-- Generated by org.testng.reporters.JUnitXMLReporter -->
<testsuite ignored="0" hostname="LAPTOP-JPAOG5NK" failures="0" tests="4" name="Test3" time="0.062" errors="0" timestamp="2022-08-25T19:03:46 IST">
  <testcase classname="com.hyr.parallelTest.TestClass3" name="testmethod10" time="0.014"/>
  <testcase classname="com.hyr.parallelTest.TestClass3" name="testmethod11" time="0.002"/>
  <testcase classname="com.hyr.parallelTest.TestClass3" name="testmethod8" time="0.001"/>
  <testcase classname="com.hyr.parallelTest.TestClass3" name="testmethod9" time="0.001"/>
</testsuite> <!-- Test3 -->
