<?xml version="1.0" encoding="UTF-8"?>
<!-- Generated by org.testng.reporters.JUnitXMLReporter -->
<testsuite ignored="3" hostname="LAPTOP-JPAOG5NK" failures="0" tests="4" name="test1" time="0.042" errors="0" timestamp="2022-10-29T17:25:22 IST">
  <testcase classname="com.hyr.demoTests.NewTest2" name="test4" time="0.006"/>
  <testcase classname="com.hyr.demoTests.NewTest2" name="test5" time="0.001"/>
  <testcase classname="com.hyr.demoTests.NewTest2" name="test6" time="0.001"/>
  <testcase classname="com.hyr.demoTests.NewTest2" name="test7" time="0.001"/>
  <testcase classname="com.hyr.demoTests.NewTest" name="test1" time="0.0">
    <ignored/>
  </testcase> <!-- test1 -->
  <testcase classname="com.hyr.demoTests.NewTest" name="test2" time="0.0">
    <ignored/>
  </testcase> <!-- test2 -->
  <testcase classname="com.hyr.demoTests.NewTest" name="test3" time="0.0">
    <ignored/>
  </testcase> <!-- test3 -->
</testsuite> <!-- test1 -->
