<?xml version="1.0" encoding="UTF-8"?>
<!-- Generated by org.testng.reporters.JUnitXMLReporter -->
<testsuite ignored="1" hostname="LAPTOP-JPAOG5NK" failures="0" tests="4" name="OrangeHRMMyInfo" time="27.164" errors="0" timestamp="2022-07-31T19:21:03 IST">
  <testcase classname="com.hyrs.Tests.OrangeHrm" name="LaunchApp" time="14.886"/>
  <testcase classname="com.hyrs.Tests.OrangeHrm" name="EnterLoginDetails" time="4.403"/>
  <testcase classname="com.hyrs.Tests.OrangeHrm" name="NavigateToMyInfo" time="1.7"/>
  <testcase classname="com.hyrs.Tests.OrangeHrm" name="VerifyMyInfo" time="0.031"/>
  <testcase classname="com.hyrs.Tests.OrangeHrm" name="VerifyLogin" time="0.0">
    <ignored/>
  </testcase> <!-- VerifyLogin -->
</testsuite> <!-- OrangeHRMMyInfo -->
