<?xml version="1.0" encoding="UTF-8"?>
<!-- Generated by org.testng.reporters.JUnitXMLReporter -->
<testsuite ignored="2" hostname="LAPTOP-JPAOG5NK" failures="0" tests="3" name="OrangeHRMLogin" time="26.279" errors="0" timestamp="2022-07-31T19:20:36 IST">
  <testcase classname="com.hyrs.Tests.OrangeHrm" name="LaunchApp" time="14.916"/>
  <testcase classname="com.hyrs.Tests.OrangeHrm" name="EnterLoginDetails" time="4.324"/>
  <testcase classname="com.hyrs.Tests.OrangeHrm" name="VerifyLogin" time="0.046"/>
  <testcase classname="com.hyrs.Tests.OrangeHrm" name="NavigateToMyInfo" time="0.0">
    <ignored/>
  </testcase> <!-- NavigateToMyInfo -->
  <testcase classname="com.hyrs.Tests.OrangeHrm" name="VerifyMyInfo" time="0.0">
    <ignored/>
  </testcase> <!-- VerifyMyInfo -->
</testsuite> <!-- OrangeHRMLogin -->
